bare-android/app/build/intermediates/manifest_merge_blame_file/release/manifest-merger-blame-release-report.txt
1<?xml version="1.0" encoding="utf-8"?>
2<manifest xmlns:android="http://schemas.android.com/apk/res/android"
3    package="com.pickupjamaica.kiosk"
4    android:versionCode="6"
5    android:versionName="3.2" >
6
7    <uses-sdk
8        android:minSdkVersion="22"
9        android:targetSdkVersion="29" />
10
11    <!-- Permissions -->
12    <uses-permission android:name="android.permission.INTERNET" />
12-->src/main/AndroidManifest.xml:44:5-67
12-->src/main/AndroidManifest.xml:44:22-64
13    <uses-permission android:name="android.permission.ACCESS_NETWORK_STATE" />
13-->src/main/AndroidManifest.xml:45:5-79
13-->src/main/AndroidManifest.xml:45:22-76
14    <uses-permission android:name="android.permission.WAKE_LOCK" />
14-->src/main/AndroidManifest.xml:46:5-68
14-->src/main/AndroidManifest.xml:46:22-65
15    <uses-permission android:name="android.permission.RECEIVE_BOOT_COMPLETED" />
15-->src/main/AndroidManifest.xml:47:5-81
15-->src/main/AndroidManifest.xml:47:22-78
16
17    <permission
17-->[androidx.core:core:1.9.0] AndroidManifest.xml:22:5-24:47
18        android:name="com.pickupjamaica.kiosk.DYNAMIC_RECEIVER_NOT_EXPORTED_PERMISSION"
18-->[androidx.core:core:1.9.0] AndroidManifest.xml:23:9-81
19        android:protectionLevel="signature" />
19-->[androidx.core:core:1.9.0] AndroidManifest.xml:24:9-44
20
21    <uses-permission android:name="com.pickupjamaica.kiosk.DYNAMIC_RECEIVER_NOT_EXPORTED_PERMISSION" />
21-->[androidx.core:core:1.9.0] AndroidManifest.xml:26:5-97
21-->[androidx.core:core:1.9.0] AndroidManifest.xml:26:22-94
22
23    <application
23-->src/main/AndroidManifest.xml:4:5-41:19
24        android:allowBackup="true"
24-->src/main/AndroidManifest.xml:5:9-35
25        android:appComponentFactory="androidx.core.app.CoreComponentFactory"
25-->[androidx.core:core:1.9.0] AndroidManifest.xml:28:18-86
26        android:extractNativeLibs="true"
27        android:icon="@mipmap/ic_launcher"
27-->src/main/AndroidManifest.xml:6:9-43
28        android:label="@string/app_name"
28-->src/main/AndroidManifest.xml:7:9-41
29        android:networkSecurityConfig="@xml/network_security_config"
29-->src/main/AndroidManifest.xml:12:9-69
30        android:roundIcon="@mipmap/ic_launcher_round"
30-->src/main/AndroidManifest.xml:8:9-54
31        android:supportsRtl="true"
31-->src/main/AndroidManifest.xml:9:9-35
32        android:theme="@style/Theme.PickupKiosk"
32-->src/main/AndroidManifest.xml:10:9-49
33        android:usesCleartextTraffic="true" >
33-->src/main/AndroidManifest.xml:11:9-44
34        <activity
34-->src/main/AndroidManifest.xml:14:9-27:20
35            android:name="com.pickupjamaica.kiosk.MainActivity"
35-->src/main/AndroidManifest.xml:15:13-41
36            android:configChanges="orientation|keyboardHidden|keyboard|screenSize|locale|smallestScreenSize|screenLayout|uiMode|navigation|density"
36-->src/main/AndroidManifest.xml:20:13-148
37            android:exported="true"
37-->src/main/AndroidManifest.xml:16:13-36
38            android:label="@string/app_name"
38-->src/main/AndroidManifest.xml:17:13-45
39            android:launchMode="singleTask"
39-->src/main/AndroidManifest.xml:18:13-44
40            android:screenOrientation="sensorPortrait"
40-->src/main/AndroidManifest.xml:19:13-55
41            android:theme="@style/Theme.PickupKiosk" >
41-->src/main/AndroidManifest.xml:21:13-53
42            <intent-filter>
42-->src/main/AndroidManifest.xml:23:13-26:29
43                <action android:name="android.intent.action.MAIN" />
43-->src/main/AndroidManifest.xml:24:17-69
43-->src/main/AndroidManifest.xml:24:25-66
44
45                <category android:name="android.intent.category.LAUNCHER" />
45-->src/main/AndroidManifest.xml:25:17-77
45-->src/main/AndroidManifest.xml:25:27-74
46            </intent-filter>
47        </activity>
48
49        <!-- Auto-start on device boot -->
50        <receiver
50-->src/main/AndroidManifest.xml:30:9-39:20
51            android:name="com.pickupjamaica.kiosk.BootReceiver"
51-->src/main/AndroidManifest.xml:31:13-41
52            android:enabled="true"
52-->src/main/AndroidManifest.xml:32:13-35
53            android:exported="true" >
53-->src/main/AndroidManifest.xml:33:13-36
54            <intent-filter>
54-->src/main/AndroidManifest.xml:34:13-38:29
55                <action android:name="android.intent.action.BOOT_COMPLETED" />
55-->src/main/AndroidManifest.xml:35:17-79
55-->src/main/AndroidManifest.xml:35:25-76
56                <action android:name="android.intent.action.QUICKBOOT_POWERON" />
56-->src/main/AndroidManifest.xml:36:17-82
56-->src/main/AndroidManifest.xml:36:25-79
57                <action android:name="com.htc.intent.action.QUICKBOOT_POWERON" />
57-->src/main/AndroidManifest.xml:37:17-82
57-->src/main/AndroidManifest.xml:37:25-79
58            </intent-filter>
59        </receiver>
60
61        <provider
61-->[androidx.emoji2:emoji2:1.2.0] AndroidManifest.xml:24:9-32:20
62            android:name="androidx.startup.InitializationProvider"
62-->[androidx.emoji2:emoji2:1.2.0] AndroidManifest.xml:25:13-67
63            android:authorities="com.pickupjamaica.kiosk.androidx-startup"
63-->[androidx.emoji2:emoji2:1.2.0] AndroidManifest.xml:26:13-68
64            android:exported="false" >
64-->[androidx.emoji2:emoji2:1.2.0] AndroidManifest.xml:27:13-37
65            <meta-data
65-->[androidx.emoji2:emoji2:1.2.0] AndroidManifest.xml:29:13-31:52
66                android:name="androidx.emoji2.text.EmojiCompatInitializer"
66-->[androidx.emoji2:emoji2:1.2.0] AndroidManifest.xml:30:17-75
67                android:value="androidx.startup" />
67-->[androidx.emoji2:emoji2:1.2.0] AndroidManifest.xml:31:17-49
68            <meta-data
68-->[androidx.lifecycle:lifecycle-process:2.4.1] AndroidManifest.xml:31:13-33:52
69                android:name="androidx.lifecycle.ProcessLifecycleInitializer"
69-->[androidx.lifecycle:lifecycle-process:2.4.1] AndroidManifest.xml:32:17-78
70                android:value="androidx.startup" />
70-->[androidx.lifecycle:lifecycle-process:2.4.1] AndroidManifest.xml:33:17-49
71        </provider>
72    </application>
73
74</manifest>